<?xml version="1.0" encoding="UTF-8"?>
<!-- Generated by org.testng.reporters.JUnitXMLReporter -->
<testsuite hostname="AK-DESKTOP-407JR70" ignored="0" name="Default test" tests="4" failures="0" timestamp="2020-09-28T18:07:45 IST" time="20.219" errors="0">
  <testcase name="addtest" time="0.003" classname="training.TestNgSample"/>
  <testcase name="checktest" time="0.0" classname="training.TestNgSample"/>
  <testcase name="multiplytest" time="0.0" classname="training.TestNgSample"/>
  <testcase name="validate" time="15.989" classname="training.TestNgSample"/>
</testsuite> <!-- Default test -->
