<?xml version="1.0" encoding="UTF-8"?>
<testng-results skipped="0" failed="0" ignored="0" total="0" passed="0">
  <reporter-output>
  </reporter-output>
  <suite name="Existing Suite" duration-ms="41" started-at="2020-09-28T18:08:02 IST" finished-at="2020-09-28T18:08:02 IST">
    <groups>
    </groups>
    <test name="Tests" duration-ms="41" started-at="2020-09-28T18:08:02 IST" finished-at="2020-09-28T18:08:02 IST">
    </test> <!-- Tests -->
  </suite> <!-- Existing Suite -->
</testng-results>
